<?xml version="1.0" encoding="UTF-8"?>
<!-- Generated by org.testng.reporters.JUnitXMLReporter -->
<testsuite ignored="0" hostname="DESKTOP-UAJCI39" failures="0" tests="3" name="Default test" time="64.233" errors="0" timestamp="2023-06-18T17:33:37 IST">
  <testcase classname="com.vtigercrm.qa.testcases.ContactsPageTest" name="validateCreateNewContact" time="0.0">
    <skipped/>
  </testcase> <!-- validateCreateNewContact -->
  <testcase classname="com.vtigercrm.qa.testcases.ContactsPageTest" name="selectCheckboxforUser" time="2.342"/>
  <testcase classname="com.vtigercrm.qa.testcases.ContactsPageTest" name="verifyContactsPageLabel" time="0.063"/>
</testsuite> <!-- Default test -->
