<?xml version="1.0" encoding="UTF-8"?>
<testng-results ignored="0" total="3" passed="2" failed="0" skipped="1">
  <reporter-output>
  </reporter-output>
  <suite started-at="2023-06-18T17:32:33 IST" name="Default suite" finished-at="2023-06-18T17:33:37 IST" duration-ms="64233">
    <groups>
    </groups>
    <test started-at="2023-06-18T17:32:33 IST" name="Default test" finished-at="2023-06-18T17:33:37 IST" duration-ms="64233">
      <class name="com.vtigercrm.qa.testcases.ContactsPageTest">
        <test-method signature="validateCreateNewContact(java.lang.String, java.lang.String, java.lang.String)[pri:1, instance:com.vtigercrm.qa.testcases.ContactsPageTest@6ca8564a]" started-at="2023-06-18T17:32:33 IST" name="validateCreateNewContact" data-provider="getTestDatafromExcel" finished-at="2023-06-18T17:32:33 IST" duration-ms="0" status="SKIP">
          <exception class="java.lang.RuntimeException">
            <message>
              <![CDATA[java.lang.NullPointerException]]>
            </message>
            <full-stacktrace>
              <![CDATA[java.lang.RuntimeException: java.lang.NullPointerException
at org.testng.internal.MethodInvocationHelper.invokeMethodNoCheckedException(MethodInvocationHelper.java:51)
at org.testng.internal.MethodInvocationHelper.invokeDataProvider(MethodInvocationHelper.java:147)
at org.testng.internal.Parameters.handleParameters(Parameters.java:801)
at org.testng.internal.Parameters.handleParameters(Parameters.java:744)
at org.testng.internal.ParameterHandler.handleParameters(ParameterHandler.java:59)
at org.testng.internal.ParameterHandler.createParameters(ParameterHandler.java:38)
at org.testng.internal.TestInvoker$MethodInvocationAgent.invoke(TestInvoker.java:783)
at org.testng.internal.TestInvoker.invokeTestMethods(TestInvoker.java:146)
at org.testng.internal.TestMethodWorker.invokeTestMethods(TestMethodWorker.java:146)
at org.testng.internal.TestMethodWorker.run(TestMethodWorker.java:128)
at java.base/java.util.ArrayList.forEach(ArrayList.java:1507)
at org.testng.TestRunner.privateRun(TestRunner.java:766)
at org.testng.TestRunner.run(TestRunner.java:587)
at org.testng.SuiteRunner.runTest(SuiteRunner.java:384)
at org.testng.SuiteRunner.runSequentially(SuiteRunner.java:378)
at org.testng.SuiteRunner.privateRun(SuiteRunner.java:337)
at org.testng.SuiteRunner.run(SuiteRunner.java:286)
at org.testng.SuiteRunnerWorker.runSuite(SuiteRunnerWorker.java:53)
at org.testng.SuiteRunnerWorker.run(SuiteRunnerWorker.java:96)
at org.testng.TestNG.runSuitesSequentially(TestNG.java:1187)
at org.testng.TestNG.runSuitesLocally(TestNG.java:1109)
at org.testng.TestNG.runSuites(TestNG.java:1039)
at org.testng.TestNG.run(TestNG.java:1007)
at org.testng.remote.AbstractRemoteTestNG.run(AbstractRemoteTestNG.java:115)
at org.testng.remote.RemoteTestNG.initAndRun(RemoteTestNG.java:251)
at org.testng.remote.RemoteTestNG.main(RemoteTestNG.java:77)
Caused by: java.lang.NullPointerException
at com.vtigercrm.qa.util.TestUtil.getTestData(TestUtil.java:42)
at com.vtigercrm.qa.testcases.ContactsPageTest.getTestDatafromExcel(ContactsPageTest.java:58)
at java.base/jdk.internal.reflect.NativeMethodAccessorImpl.invoke0(Native Method)
at java.base/jdk.internal.reflect.NativeMethodAccessorImpl.invoke(NativeMethodAccessorImpl.java:62)
at java.base/jdk.internal.reflect.DelegatingMethodAccessorImpl.invoke(DelegatingMethodAccessorImpl.java:43)
at java.base/java.lang.reflect.Method.invoke(Method.java:567)
at org.testng.internal.MethodInvocationHelper.invokeMethod(MethodInvocationHelper.java:134)
at org.testng.internal.MethodInvocationHelper.invokeMethod(MethodInvocationHelper.java:78)
at org.testng.internal.MethodInvocationHelper.invokeMethodNoCheckedException(MethodInvocationHelper.java:47)
... 25 more
]]>
            </full-stacktrace>
          </exception> <!-- java.lang.RuntimeException -->
          <reporter-output>
          </reporter-output>
        </test-method> <!-- validateCreateNewContact -->
        <test-method is-config="true" signature="setUp()[pri:0, instance:com.vtigercrm.qa.testcases.ContactsPageTest@6ca8564a]" started-at="2023-06-18T17:32:33 IST" name="setUp" finished-at="2023-06-18T17:33:02 IST" duration-ms="28884" status="PASS">
          <reporter-output>
          </reporter-output>
        </test-method> <!-- setUp -->
        <test-method signature="selectCheckboxforUser()[pri:2, instance:com.vtigercrm.qa.testcases.ContactsPageTest@6ca8564a]" started-at="2023-06-18T17:33:02 IST" name="selectCheckboxforUser" finished-at="2023-06-18T17:33:04 IST" duration-ms="2342" status="PASS">
          <reporter-output>
          </reporter-output>
        </test-method> <!-- selectCheckboxforUser -->
        <test-method is-config="true" signature="tearDown()[pri:0, instance:com.vtigercrm.qa.testcases.ContactsPageTest@6ca8564a]" started-at="2023-06-18T17:33:04 IST" name="tearDown" finished-at="2023-06-18T17:33:07 IST" duration-ms="2982" status="PASS">
          <reporter-output>
          </reporter-output>
        </test-method> <!-- tearDown -->
        <test-method is-config="true" signature="setUp()[pri:0, instance:com.vtigercrm.qa.testcases.ContactsPageTest@6ca8564a]" started-at="2023-06-18T17:33:07 IST" name="setUp" finished-at="2023-06-18T17:33:34 IST" duration-ms="26748" status="PASS">
          <reporter-output>
          </reporter-output>
        </test-method> <!-- setUp -->
        <test-method signature="verifyContactsPageLabel()[pri:3, instance:com.vtigercrm.qa.testcases.ContactsPageTest@6ca8564a]" started-at="2023-06-18T17:33:34 IST" name="verifyContactsPageLabel" finished-at="2023-06-18T17:33:34 IST" duration-ms="63" status="PASS">
          <reporter-output>
          </reporter-output>
        </test-method> <!-- verifyContactsPageLabel -->
        <test-method is-config="true" signature="tearDown()[pri:0, instance:com.vtigercrm.qa.testcases.ContactsPageTest@6ca8564a]" started-at="2023-06-18T17:33:34 IST" name="tearDown" finished-at="2023-06-18T17:33:37 IST" duration-ms="3068" status="PASS">
          <reporter-output>
          </reporter-output>
        </test-method> <!-- tearDown -->
      </class> <!-- com.vtigercrm.qa.testcases.ContactsPageTest -->
    </test> <!-- Default test -->
  </suite> <!-- Default suite -->
</testng-results>
