<?xml version="1.0" encoding="UTF-8"?>
<testng-results ignored="0" total="2" passed="2" failed="0" skipped="0">
  <reporter-output>
  </reporter-output>
  <suite started-at="2023-06-17T11:26:53 IST" name="Default suite" finished-at="2023-06-17T11:27:25 IST" duration-ms="32461">
    <groups>
    </groups>
    <test started-at="2023-06-17T11:26:53 IST" name="Default test" finished-at="2023-06-17T11:27:25 IST" duration-ms="32461">
      <class name="com.vtigercrm.qa.testcases.HomePageTest">
        <test-method is-config="true" signature="setUp()[pri:0, instance:com.vtigercrm.qa.testcases.HomePageTest@1ddf84b8]" started-at="2023-06-17T11:26:53 IST" name="setUp" finished-at="2023-06-17T11:27:05 IST" duration-ms="11708" status="PASS">
          <reporter-output>
          </reporter-output>
        </test-method> <!-- setUp -->
        <test-method signature="verifyHomePageTitle()[pri:1, instance:com.vtigercrm.qa.testcases.HomePageTest@1ddf84b8]" started-at="2023-06-17T11:27:05 IST" name="verifyHomePageTitle" finished-at="2023-06-17T11:27:05 IST" duration-ms="19" status="PASS">
          <reporter-output>
          </reporter-output>
        </test-method> <!-- verifyHomePageTitle -->
        <test-method is-config="true" signature="tearDown()[pri:0, instance:com.vtigercrm.qa.testcases.HomePageTest@1ddf84b8]" started-at="2023-06-17T11:27:05 IST" name="tearDown" finished-at="2023-06-17T11:27:08 IST" duration-ms="2977" status="PASS">
          <reporter-output>
          </reporter-output>
        </test-method> <!-- tearDown -->
        <test-method is-config="true" signature="setUp()[pri:0, instance:com.vtigercrm.qa.testcases.HomePageTest@1ddf84b8]" started-at="2023-06-17T11:27:08 IST" name="setUp" finished-at="2023-06-17T11:27:19 IST" duration-ms="10847" status="PASS">
          <reporter-output>
          </reporter-output>
        </test-method> <!-- setUp -->
        <test-method signature="checkLoggedinUser()[pri:2, instance:com.vtigercrm.qa.testcases.HomePageTest@1ddf84b8]" started-at="2023-06-17T11:27:19 IST" name="checkLoggedinUser" finished-at="2023-06-17T11:27:22 IST" duration-ms="3749" status="PASS">
          <reporter-output>
          </reporter-output>
        </test-method> <!-- checkLoggedinUser -->
        <test-method is-config="true" signature="tearDown()[pri:0, instance:com.vtigercrm.qa.testcases.HomePageTest@1ddf84b8]" started-at="2023-06-17T11:27:22 IST" name="tearDown" finished-at="2023-06-17T11:27:25 IST" duration-ms="3105" status="PASS">
          <reporter-output>
          </reporter-output>
        </test-method> <!-- tearDown -->
      </class> <!-- com.vtigercrm.qa.testcases.HomePageTest -->
    </test> <!-- Default test -->
  </suite> <!-- Default suite -->
</testng-results>
